[2021-02-04T13:03:33.910801+01:00] TiendaLogger.INFO: Tiendas listadas correctamente [] []
[2021-02-04T13:03:40.394172+01:00] TiendaLogger.INFO: Modificada tienda: {"cod":"43","nombre":"TiendaFea","tlf":"691317652"} []
[2021-02-04T13:03:40.395582+01:00] TiendaLogger.INFO: Tiendas listadas correctamente [] []
[2021-02-04T13:03:53.023694+01:00] TiendaLogger.INFO: Borrada tienda: {"cod":"43"} []
[2021-02-04T13:03:53.026532+01:00] TiendaLogger.INFO: Tiendas listadas correctamente [] []
[2021-02-04T13:03:58.525579+01:00] TiendaLogger.INFO: Tienda cargada correctamente {"cod":"3","nombre":"CENTRAL","tlf":"600100100"} []
[2021-02-04T13:04:35.084878+01:00] TiendaLogger.INFO: Tienda cargada correctamente {"cod":"3","nombre":"CENTRAL","tlf":"600100100"} []
[2021-02-04T13:04:48.537400+01:00] TiendaLogger.INFO: Tienda cargada correctamente {"cod":"3","nombre":"CENTRAL","tlf":"600100100"} []
[2021-02-04T13:04:49.059855+01:00] TiendaLogger.INFO: Tienda cargada correctamente {"cod":"3","nombre":"CENTRAL","tlf":"600100100"} []
[2021-02-04T13:05:21.271968+01:00] TiendaLogger.INFO: Tienda cargada correctamente {"cod":"3","nombre":"CENTRAL","tlf":"600100100"} []
[2021-02-04T13:07:49.433774+01:00] TiendaLogger.INFO: Insertada tienda: {"cod":"3","nombre":"CENTRAL","tlf":"691317652"} []
[2021-02-04T13:07:49.435205+01:00] TiendaLogger.INFO: Tiendas listadas correctamente [] []
[2021-02-04T13:07:56.317611+01:00] TiendaLogger.INFO: Modificada tienda: {"cod":"44","nombre":"TiendaFea","tlf":"691317652"} []
[2021-02-04T13:07:56.319556+01:00] TiendaLogger.INFO: Tiendas listadas correctamente [] []
[2021-02-04T13:07:58.293215+01:00] TiendaLogger.INFO: Tienda cargada correctamente {"cod":"44","nombre":"TiendaFea","tlf":"691317652"} []
[2021-02-04T13:08:04.848846+01:00] TiendaLogger.INFO: Insertada tienda: {"cod":"44","nombre":"TiendaGuapa","tlf":"691317652"} []
[2021-02-04T13:08:04.850191+01:00] TiendaLogger.INFO: Tiendas listadas correctamente [] []
[2021-02-04T13:08:06.888446+01:00] TiendaLogger.INFO: Borrada tienda: {"cod":"44"} []
[2021-02-04T13:08:06.890675+01:00] TiendaLogger.INFO: Tiendas listadas correctamente [] []
[2021-02-04T13:18:59.130280+01:00] TiendaLogger.INFO: Borrada tienda: {"cod":"44"} []
[2021-02-04T13:18:59.131407+01:00] TiendaLogger.INFO: Tiendas listadas correctamente [] []
[2021-02-04T13:29:19.838787+01:00] TiendaLogger.INFO: Modificada tienda: {"cod":"45","nombre":"FranquiciaUno","tlf":"691317652"} []
[2021-02-04T13:29:19.840516+01:00] TiendaLogger.INFO: Tiendas listadas correctamente [] []
[2021-02-04T13:31:48.446588+01:00] TiendaLogger.INFO: Modificada tienda: {"cod":"46","nombre":"FranquiciaUno","tlf":"691317652"} []
[2021-02-04T13:31:48.448158+01:00] TiendaLogger.INFO: Tiendas listadas correctamente [] []
[2021-02-04T13:31:51.485620+01:00] TiendaLogger.INFO: Modificada tienda: {"cod":"47","nombre":"FranquiciaUno","tlf":"691317652"} []
[2021-02-04T13:31:51.487271+01:00] TiendaLogger.INFO: Tiendas listadas correctamente [] []
[2021-02-04T13:31:55.072197+01:00] TiendaLogger.INFO: Borrada tienda: {"cod":"47"} []
[2021-02-04T13:31:55.074380+01:00] TiendaLogger.INFO: Tiendas listadas correctamente [] []
[2021-02-04T13:31:56.113909+01:00] TiendaLogger.INFO: Borrada tienda: {"cod":"46"} []
[2021-02-04T13:31:56.115182+01:00] TiendaLogger.INFO: Tiendas listadas correctamente [] []
[2021-02-04T13:32:45.443937+01:00] TiendaLogger.INFO: Modificada tienda: {"cod":"48","nombre":"FranquicuaGuapa","tlf":"691317652"} []
[2021-02-04T13:32:45.446407+01:00] TiendaLogger.INFO: Tiendas listadas correctamente [] []
[2021-02-04T14:16:39.979294+01:00] TiendaLogger.INFO: Modificada tienda: {"cod":"49","nombre":"franqFea","tlf":"691317652"} []
[2021-02-04T14:16:40.000561+01:00] TiendaLogger.INFO: Modificada tienda: {"cod":"50","nombre":"franqFea","tlf":"691317652"} []
[2021-02-04T14:16:40.008315+01:00] TiendaLogger.INFO: Modificada tienda: {"cod":"51","nombre":"franqFea","tlf":"691317652"} []
[2021-02-04T14:20:50.904320+01:00] TiendaLogger.INFO: Tiendas listadas correctamente [] []
[2021-02-04T14:20:59.192358+01:00] TiendaLogger.INFO: Borrada tienda: {"cod":"54"} []
[2021-02-04T14:20:59.193715+01:00] TiendaLogger.INFO: Tiendas listadas correctamente [] []
[2021-02-04T14:20:59.715409+01:00] TiendaLogger.INFO: Borrada tienda: {"cod":"53"} []
[2021-02-04T14:20:59.717299+01:00] TiendaLogger.INFO: Tiendas listadas correctamente [] []
[2021-02-04T14:21:00.143207+01:00] TiendaLogger.INFO: Borrada tienda: {"cod":"52"} []
[2021-02-04T14:21:00.145225+01:00] TiendaLogger.INFO: Tiendas listadas correctamente [] []
[2021-02-04T14:21:00.745777+01:00] TiendaLogger.INFO: Borrada tienda: {"cod":"51"} []
[2021-02-04T14:21:00.747093+01:00] TiendaLogger.INFO: Tiendas listadas correctamente [] []
[2021-02-04T14:21:01.259460+01:00] TiendaLogger.INFO: Borrada tienda: {"cod":"50"} []
[2021-02-04T14:21:01.261523+01:00] TiendaLogger.INFO: Tiendas listadas correctamente [] []
[2021-02-04T14:21:02.406478+01:00] TiendaLogger.INFO: Borrada tienda: {"cod":"48"} []
[2021-02-04T14:21:02.408898+01:00] TiendaLogger.INFO: Tiendas listadas correctamente [] []
[2021-02-04T14:21:32.302302+01:00] TiendaLogger.INFO: Borrada tienda: {"cod":"48"} []
[2021-02-04T14:21:32.303618+01:00] TiendaLogger.INFO: Tiendas listadas correctamente [] []
[2021-02-04T14:21:42.483203+01:00] TiendaLogger.INFO: Tiendas listadas correctamente [] []
[2021-02-04T14:21:53.196984+01:00] TiendaLogger.INFO: Borrada tienda: {"cod":"59"} []
[2021-02-04T14:21:53.198382+01:00] TiendaLogger.INFO: Tiendas listadas correctamente [] []
[2021-02-04T14:21:53.679415+01:00] TiendaLogger.INFO: Borrada tienda: {"cod":"58"} []
[2021-02-04T14:21:53.682009+01:00] TiendaLogger.INFO: Tiendas listadas correctamente [] []
[2021-02-04T14:21:54.265771+01:00] TiendaLogger.INFO: Borrada tienda: {"cod":"57"} []
[2021-02-04T14:21:54.266953+01:00] TiendaLogger.INFO: Tiendas listadas correctamente [] []
[2021-02-04T14:21:54.809839+01:00] TiendaLogger.INFO: Borrada tienda: {"cod":"56"} []
[2021-02-04T14:21:54.811521+01:00] TiendaLogger.INFO: Tiendas listadas correctamente [] []
[2021-02-04T14:21:57.410842+01:00] TiendaLogger.INFO: Borrada tienda: {"cod":"55"} []
[2021-02-04T14:21:57.412876+01:00] TiendaLogger.INFO: Tiendas listadas correctamente [] []
[2021-02-04T14:22:09.717753+01:00] TiendaLogger.INFO: Tiendas listadas correctamente [] []
[2021-02-04T14:24:42.557961+01:00] TiendaLogger.INFO: Borrada tienda: {"cod":"64"} []
[2021-02-04T14:24:42.560382+01:00] TiendaLogger.INFO: Tiendas listadas correctamente [] []
[2021-02-04T14:24:42.965301+01:00] TiendaLogger.INFO: Borrada tienda: {"cod":"63"} []
[2021-02-04T14:24:42.967012+01:00] TiendaLogger.INFO: Tiendas listadas correctamente [] []
[2021-02-04T14:24:43.441107+01:00] TiendaLogger.INFO: Borrada tienda: {"cod":"62"} []
[2021-02-04T14:24:43.442886+01:00] TiendaLogger.INFO: Tiendas listadas correctamente [] []
[2021-02-04T14:24:44.035679+01:00] TiendaLogger.INFO: Borrada tienda: {"cod":"61"} []
[2021-02-04T14:24:44.036924+01:00] TiendaLogger.INFO: Tiendas listadas correctamente [] []
[2021-02-04T14:24:44.643444+01:00] TiendaLogger.INFO: Borrada tienda: {"cod":"60"} []
[2021-02-04T14:24:44.644831+01:00] TiendaLogger.INFO: Tiendas listadas correctamente [] []
[2021-02-04T14:24:56.081273+01:00] TiendaLogger.INFO: Tiendas listadas correctamente [] []
[2021-02-04T14:26:03.308173+01:00] TiendaLogger.INFO: Tiendas listadas correctamente [] []
[2021-02-04T14:26:07.282817+01:00] TiendaLogger.INFO: Borrada tienda: {"cod":"66"} []
[2021-02-04T14:26:07.284172+01:00] TiendaLogger.INFO: Tiendas listadas correctamente [] []
[2021-02-04T14:26:07.773460+01:00] TiendaLogger.INFO: Borrada tienda: {"cod":"67"} []
[2021-02-04T14:26:07.775566+01:00] TiendaLogger.INFO: Tiendas listadas correctamente [] []
[2021-02-04T14:26:07.912695+01:00] TiendaLogger.INFO: Borrada tienda: {"cod":"68"} []
[2021-02-04T14:26:07.914987+01:00] TiendaLogger.INFO: Tiendas listadas correctamente [] []
[2021-02-04T14:26:08.044584+01:00] TiendaLogger.INFO: Borrada tienda: {"cod":"69"} []
[2021-02-04T14:26:08.045905+01:00] TiendaLogger.INFO: Tiendas listadas correctamente [] []
[2021-02-04T14:26:08.194539+01:00] TiendaLogger.INFO: Borrada tienda: {"cod":"70"} []
[2021-02-04T14:26:08.197042+01:00] TiendaLogger.INFO: Tiendas listadas correctamente [] []
[2021-02-04T14:26:08.354459+01:00] TiendaLogger.INFO: Borrada tienda: {"cod":"71"} []
[2021-02-04T14:26:08.356352+01:00] TiendaLogger.INFO: Tiendas listadas correctamente [] []
[2021-02-04T14:26:08.497496+01:00] TiendaLogger.INFO: Borrada tienda: {"cod":"72"} []
[2021-02-04T14:26:08.499167+01:00] TiendaLogger.INFO: Tiendas listadas correctamente [] []
[2021-02-04T14:26:08.664637+01:00] TiendaLogger.INFO: Borrada tienda: {"cod":"73"} []
[2021-02-04T14:26:08.666017+01:00] TiendaLogger.INFO: Tiendas listadas correctamente [] []
[2021-02-04T14:26:08.799127+01:00] TiendaLogger.INFO: Borrada tienda: {"cod":"74"} []
[2021-02-04T14:26:08.800529+01:00] TiendaLogger.INFO: Tiendas listadas correctamente [] []
[2021-02-04T14:26:10.636784+01:00] TiendaLogger.INFO: Borrada tienda: {"cod":"65"} []
[2021-02-04T14:26:10.637914+01:00] TiendaLogger.INFO: Tiendas listadas correctamente [] []
[2021-02-04T15:40:47.284587+01:00] TiendaLogger.INFO: Tiendas listadas correctamente [] []
[2021-02-04T15:40:58.363747+01:00] TiendaLogger.INFO: Modificada tienda: {"cod":"75","nombre":"TiendaFea","tlf":"691317652"} []
[2021-02-04T15:40:58.370659+01:00] TiendaLogger.INFO: Tiendas listadas correctamente [] []
[2021-02-04T15:41:02.253356+01:00] TiendaLogger.INFO: Tienda cargada correctamente {"cod":"75","nombre":"TiendaFea","tlf":"691317652"} []
[2021-02-04T15:41:06.148801+01:00] TiendaLogger.INFO: Insertada tienda: {"cod":"75","nombre":"TiendaGuapa","tlf":"691317652"} []
[2021-02-04T15:41:06.155902+01:00] TiendaLogger.INFO: Tiendas listadas correctamente [] []
[2021-02-04T15:41:22.965631+01:00] TiendaLogger.INFO: Tiendas listadas correctamente [] []
[2021-02-04T15:41:37.324516+01:00] TiendaLogger.INFO: Borrada tienda: {"cod":"85"} []
[2021-02-04T15:41:37.326289+01:00] TiendaLogger.INFO: Tiendas listadas correctamente [] []
[2021-02-04T15:41:37.749434+01:00] TiendaLogger.INFO: Borrada tienda: {"cod":"84"} []
[2021-02-04T15:41:37.751513+01:00] TiendaLogger.INFO: Tiendas listadas correctamente [] []
[2021-02-04T15:41:38.361317+01:00] TiendaLogger.INFO: Borrada tienda: {"cod":"83"} []
[2021-02-04T15:41:38.362863+01:00] TiendaLogger.INFO: Tiendas listadas correctamente [] []
[2021-02-04T15:41:39.319492+01:00] TiendaLogger.INFO: Borrada tienda: {"cod":"81"} []
[2021-02-04T15:41:39.326550+01:00] TiendaLogger.INFO: Tiendas listadas correctamente [] []
[2021-02-04T15:41:40.011841+01:00] TiendaLogger.INFO: Borrada tienda: {"cod":"82"} []
[2021-02-04T15:41:40.013559+01:00] TiendaLogger.INFO: Tiendas listadas correctamente [] []
[2021-02-04T15:41:40.469671+01:00] TiendaLogger.INFO: Borrada tienda: {"cod":"80"} []
[2021-02-04T15:41:40.473136+01:00] TiendaLogger.INFO: Tiendas listadas correctamente [] []
[2021-02-04T15:41:41.013574+01:00] TiendaLogger.INFO: Borrada tienda: {"cod":"79"} []
[2021-02-04T15:41:41.014959+01:00] TiendaLogger.INFO: Tiendas listadas correctamente [] []
[2021-02-04T15:41:41.373959+01:00] TiendaLogger.INFO: Borrada tienda: {"cod":"78"} []
[2021-02-04T15:41:41.377154+01:00] TiendaLogger.INFO: Tiendas listadas correctamente [] []
[2021-02-04T15:41:41.839215+01:00] TiendaLogger.INFO: Borrada tienda: {"cod":"77"} []
[2021-02-04T15:41:41.840883+01:00] TiendaLogger.INFO: Tiendas listadas correctamente [] []
[2021-02-04T15:41:43.046603+01:00] TiendaLogger.INFO: Borrada tienda: {"cod":"76"} []
[2021-02-04T15:41:43.048299+01:00] TiendaLogger.INFO: Tiendas listadas correctamente [] []
[2021-02-04T17:04:38.229536+01:00] TiendaLogger.INFO: Borrada tienda: {"cod":"76"} []
[2021-02-04T17:04:38.234578+01:00] TiendaLogger.INFO: Tiendas listadas correctamente [] []
[2021-02-04T17:05:28.048022+01:00] TiendaLogger.INFO: Borrada tienda: {"cod":"76"} []
[2021-02-04T17:05:28.054419+01:00] TiendaLogger.INFO: Tiendas listadas correctamente [] []
[2021-02-04T17:07:24.656069+01:00] TiendaLogger.INFO: Insertada familia: {"cod":"TABLET","nombre":"Tablets"} []
[2021-02-04T17:07:24.657762+01:00] TiendaLogger.INFO: Familias listadas correctamente [] []
[2021-02-04T17:12:19.794319+01:00] TiendaLogger.ERROR: SQLSTATE[23000]: Integrity constraint violation: 1062 Duplicate entry 'TABLET' for key 'PRIMARY' [] []
[2021-02-04T17:12:19.797115+01:00] TiendaLogger.INFO: Familias listadas correctamente [] []
[2021-02-04T17:12:22.311119+01:00] TiendaLogger.INFO: Familia cargada correctamente {"cod":"TABLET","nombre":"Tablets"} []
[2021-02-04T17:13:33.234693+01:00] TiendaLogger.INFO: Familia cargada correctamente {"cod":"TABLET","nombre":"Tablets"} []
[2021-02-04T17:13:33.899943+01:00] TiendaLogger.INFO: Familia cargada correctamente {"cod":"TABLET","nombre":"Tablets"} []
[2021-02-04T17:13:34.102921+01:00] TiendaLogger.INFO: Familia cargada correctamente {"cod":"TABLET","nombre":"Tablets"} []
[2021-02-04T17:13:34.344224+01:00] TiendaLogger.INFO: Familia cargada correctamente {"cod":"TABLET","nombre":"Tablets"} []
[2021-02-04T17:13:34.542527+01:00] TiendaLogger.INFO: Familia cargada correctamente {"cod":"TABLET","nombre":"Tablets"} []
[2021-02-04T17:13:34.745445+01:00] TiendaLogger.INFO: Familia cargada correctamente {"cod":"TABLET","nombre":"Tablets"} []
[2021-02-04T17:14:42.061792+01:00] TiendaLogger.INFO: Familia cargada correctamente {"cod":"TABLET","nombre":"Tablets"} []
[2021-02-04T17:15:17.864337+01:00] TiendaLogger.INFO: Familia cargada correctamente {"cod":"TABLET","nombre":"Tablets"} []
[2021-02-04T17:15:36.276508+01:00] TiendaLogger.INFO: Familia cargada correctamente {"cod":"TABLET","nombre":"Tablets"} []
[2021-02-04T17:15:46.120898+01:00] TiendaLogger.INFO: Modificada familia: {"cod":null,"nombre":"Tabletss"} []
[2021-02-04T17:15:46.128103+01:00] TiendaLogger.INFO: Familias listadas correctamente [] []
[2021-02-04T17:16:20.862357+01:00] TiendaLogger.INFO: Modificada familia: {"cod":null,"nombre":"Tabletss"} []
[2021-02-04T17:16:20.869764+01:00] TiendaLogger.INFO: Familias listadas correctamente [] []
[2021-02-04T17:16:24.937541+01:00] TiendaLogger.INFO: Familia cargada correctamente {"cod":"TABLET","nombre":"Tablets"} []
[2021-02-04T17:16:30.037498+01:00] TiendaLogger.INFO: Modificada familia: {"cod":null,"nombre":"Tabletss"} []
[2021-02-04T17:16:30.040550+01:00] TiendaLogger.INFO: Familias listadas correctamente [] []
[2021-02-04T17:16:38.467828+01:00] TiendaLogger.INFO: Borrada familia: {"cod":"TABLET"} []
[2021-02-04T17:16:38.470334+01:00] TiendaLogger.INFO: Familias listadas correctamente [] []
[2021-02-04T17:16:58.118558+01:00] TiendaLogger.INFO: Insertada familia: {"cod":"TABLET","nombre":"Tabletss"} []
[2021-02-04T17:16:58.139729+01:00] TiendaLogger.INFO: Familias listadas correctamente [] []
[2021-02-04T17:17:00.389858+01:00] TiendaLogger.INFO: Familia cargada correctamente {"cod":"TABLET","nombre":"Tabletss"} []
[2021-02-04T17:18:57.843928+01:00] TiendaLogger.INFO: Familia cargada correctamente {"cod":"TABLET","nombre":"Tabletss"} []
[2021-02-04T17:20:12.658455+01:00] TiendaLogger.INFO: Modificada familia: {"cod":"TABLET","nombre":"Tablet"} []
[2021-02-04T17:20:12.661780+01:00] TiendaLogger.INFO: Familias listadas correctamente [] []
[2021-02-04T17:20:16.185554+01:00] TiendaLogger.INFO: Familia cargada correctamente {"cod":"TABLET","nombre":"Tablet"} []
[2021-02-04T17:20:20.987863+01:00] TiendaLogger.INFO: Modificada familia: {"cod":"TABLET","nombre":"Tabletssss"} []
[2021-02-04T17:20:20.992324+01:00] TiendaLogger.INFO: Familias listadas correctamente [] []
[2021-02-04T17:20:22.691313+01:00] TiendaLogger.INFO: Familia cargada correctamente {"cod":"TABLET","nombre":"Tabletssss"} []
[2021-02-04T17:20:26.595461+01:00] TiendaLogger.INFO: Modificada familia: {"cod":"TABLET","nombre":"Tablet"} []
[2021-02-04T17:20:26.596842+01:00] TiendaLogger.INFO: Familias listadas correctamente [] []
[2021-02-04T17:22:10.338860+01:00] TiendaLogger.INFO: Modificada familia: {"cod":"TABLET","nombre":"Tablet"} []
[2021-02-04T17:22:10.340508+01:00] TiendaLogger.INFO: Familias listadas correctamente [] []
[2021-02-04T17:22:20.873984+01:00] TiendaLogger.INFO: Modificada familia: {"cod":"TABLET","nombre":"Tablet"} []
[2021-02-04T17:22:20.877475+01:00] TiendaLogger.INFO: Familias listadas correctamente [] []
[2021-02-04T17:22:28.882768+01:00] TiendaLogger.INFO: Borrada familia: {"cod":"TABLET"} []
[2021-02-04T17:22:28.885535+01:00] TiendaLogger.INFO: Familias listadas correctamente [] []
