[2021-02-03T23:07:32.783177+01:00] Tienda.INFO: Tiendas listadas correctamente [] []
[2021-02-03T23:08:24.997567+01:00] Tienda.INFO: Tiendas listadas correctamente [] []
[2021-02-03T23:09:15.727757+01:00] Tienda.INFO: Tiendas listadas correctamente [] []
[2021-02-03T23:09:16.127720+01:00] Tienda.INFO: Tiendas listadas correctamente [] []
[2021-02-03T23:09:16.284932+01:00] Tienda.INFO: Tiendas listadas correctamente [] []
[2021-02-03T23:09:16.412101+01:00] Tienda.INFO: Tiendas listadas correctamente [] []
[2021-02-03T23:09:18.104048+01:00] Tienda.INFO: Tiendas listadas correctamente [] []
[2021-02-03T23:09:18.327455+01:00] Tienda.INFO: Tiendas listadas correctamente [] []
[2021-02-03T23:09:43.675607+01:00] Tienda.INFO: Tiendas listadas correctamente [] []
[2021-02-03T23:10:02.527288+01:00] Tienda.INFO: Tiendas listadas correctamente [] []
[2021-02-03T23:10:24.254398+01:00] Tienda.INFO: Tiendas listadas correctamente [] []
[2021-02-03T23:11:09.096441+01:00] Tienda.INFO: Tiendas listadas correctamente [] []
[2021-02-03T23:14:11.243938+01:00] Tienda.INFO: Modificada tienda: {"cod":"31","nombre":"TiendaFea","tlf":"691317652"} []
[2021-02-03T23:15:13.087667+01:00] Tienda.INFO: Modificada tienda: {"cod":"32","nombre":"TiendaFea","tlf":"691317652"} []
[2021-02-03T23:16:07.458343+01:00] Tienda.INFO: Modificada tienda: {"cod":"33","nombre":"TiendaFea","tlf":"691317652"} []
[2021-02-03T23:17:25.408768+01:00] Tienda.INFO: Modificada tienda: {"cod":"34","nombre":"TiendaFea","tlf":"691317652"} []
[2021-02-03T23:17:25.411075+01:00] Tienda.INFO: Tiendas listadas correctamente [] []
[2021-02-03T23:17:52.824144+01:00] Tienda.INFO: Borrada tienda: {"cod":null} []
[2021-02-03T23:17:52.826158+01:00] Tienda.INFO: Tiendas listadas correctamente [] []
[2021-02-03T23:17:54.700880+01:00] Tienda.INFO: Borrada tienda: {"cod":null} []
[2021-02-03T23:17:54.702192+01:00] Tienda.INFO: Tiendas listadas correctamente [] []
[2021-02-03T23:17:55.380042+01:00] Tienda.INFO: Borrada tienda: {"cod":null} []
[2021-02-03T23:17:55.381976+01:00] Tienda.INFO: Tiendas listadas correctamente [] []
[2021-02-03T23:17:55.971097+01:00] Tienda.INFO: Borrada tienda: {"cod":null} []
[2021-02-03T23:17:55.972969+01:00] Tienda.INFO: Tiendas listadas correctamente [] []
[2021-02-03T23:17:56.472685+01:00] Tienda.INFO: Borrada tienda: {"cod":null} []
[2021-02-03T23:17:56.476028+01:00] Tienda.INFO: Tiendas listadas correctamente [] []
[2021-02-03T23:17:56.958256+01:00] Tienda.INFO: Borrada tienda: {"cod":null} []
[2021-02-03T23:17:56.960028+01:00] Tienda.INFO: Tiendas listadas correctamente [] []
[2021-02-03T23:17:57.531227+01:00] Tienda.INFO: Borrada tienda: {"cod":null} []
[2021-02-03T23:17:57.533047+01:00] Tienda.INFO: Tiendas listadas correctamente [] []
[2021-02-03T23:17:57.853443+01:00] Tienda.INFO: Borrada tienda: {"cod":null} []
[2021-02-03T23:17:57.855389+01:00] Tienda.INFO: Tiendas listadas correctamente [] []
[2021-02-03T23:17:58.185316+01:00] Tienda.INFO: Borrada tienda: {"cod":null} []
[2021-02-03T23:17:58.188186+01:00] Tienda.INFO: Tiendas listadas correctamente [] []
[2021-02-03T23:17:58.435650+01:00] Tienda.INFO: Borrada tienda: {"cod":null} []
[2021-02-03T23:17:58.438606+01:00] Tienda.INFO: Tiendas listadas correctamente [] []
[2021-02-03T23:17:58.910091+01:00] Tienda.INFO: Borrada tienda: {"cod":null} []
[2021-02-03T23:17:58.912542+01:00] Tienda.INFO: Tiendas listadas correctamente [] []
[2021-02-03T23:18:12.111322+01:00] Tienda.INFO: Borrada tienda: {"cod":null} []
[2021-02-03T23:18:12.113374+01:00] Tienda.INFO: Tiendas listadas correctamente [] []
[2021-02-03T23:20:34.423892+01:00] Tienda.INFO: Tienda cargada correctamente {"cod":"34","nombre":"TiendaFea","tlf":"691317652"} []
[2021-02-03T23:21:37.200306+01:00] Tienda.INFO: Tienda cargada correctamente {"cod":"34","nombre":"TiendaFea","tlf":"691317652"} []
[2021-02-03T23:23:05.784830+01:00] Tienda.INFO: Tienda cargada correctamente {"cod":"34","nombre":"TiendaFea","tlf":"691317652"} []
[2021-02-03T23:24:10.990054+01:00] Tienda.INFO: Insertada tienda: {"cod":"34","nombre":"TiendaGuapa","tlf":"600100108"} []
[2021-02-03T23:24:10.991281+01:00] Tienda.INFO: Tiendas listadas correctamente [] []
[2021-02-03T23:24:13.402320+01:00] Tienda.INFO: Borrada tienda: {"cod":null} []
[2021-02-03T23:24:13.404267+01:00] Tienda.INFO: Tiendas listadas correctamente [] []
[2021-02-03T23:24:14.207356+01:00] Tienda.INFO: Borrada tienda: {"cod":null} []
[2021-02-03T23:24:14.209069+01:00] Tienda.INFO: Tiendas listadas correctamente [] []
[2021-02-03T23:24:14.355483+01:00] Tienda.INFO: Borrada tienda: {"cod":null} []
[2021-02-03T23:24:14.357939+01:00] Tienda.INFO: Tiendas listadas correctamente [] []
[2021-02-03T23:24:14.492268+01:00] Tienda.INFO: Borrada tienda: {"cod":null} []
[2021-02-03T23:24:14.494498+01:00] Tienda.INFO: Tiendas listadas correctamente [] []
[2021-02-03T23:24:14.638271+01:00] Tienda.INFO: Borrada tienda: {"cod":null} []
[2021-02-03T23:24:14.640825+01:00] Tienda.INFO: Tiendas listadas correctamente [] []
[2021-02-03T23:24:26.547660+01:00] Tienda.INFO: Modificada tienda: {"cod":"35","nombre":"TiendaFea","tlf":"600100100"} []
[2021-02-03T23:24:26.549416+01:00] Tienda.INFO: Tiendas listadas correctamente [] []
[2021-02-03T23:24:36.466123+01:00] Tienda.INFO: Borrada tienda: {"cod":null} []
[2021-02-03T23:24:36.467394+01:00] Tienda.INFO: Tiendas listadas correctamente [] []
[2021-02-03T23:24:36.607746+01:00] Tienda.INFO: Borrada tienda: {"cod":null} []
[2021-02-03T23:24:36.609132+01:00] Tienda.INFO: Tiendas listadas correctamente [] []
[2021-02-03T23:24:36.774178+01:00] Tienda.INFO: Borrada tienda: {"cod":null} []
[2021-02-03T23:24:36.776344+01:00] Tienda.INFO: Tiendas listadas correctamente [] []
[2021-02-03T23:24:36.997951+01:00] Tienda.INFO: Borrada tienda: {"cod":null} []
[2021-02-03T23:24:36.999735+01:00] Tienda.INFO: Tiendas listadas correctamente [] []
[2021-02-03T23:24:37.157216+01:00] Tienda.INFO: Borrada tienda: {"cod":null} []
[2021-02-03T23:24:37.159238+01:00] Tienda.INFO: Tiendas listadas correctamente [] []
[2021-02-03T23:24:37.325099+01:00] Tienda.INFO: Borrada tienda: {"cod":null} []
[2021-02-03T23:24:37.327163+01:00] Tienda.INFO: Tiendas listadas correctamente [] []
[2021-02-03T23:24:37.456413+01:00] Tienda.INFO: Borrada tienda: {"cod":null} []
[2021-02-03T23:24:37.459323+01:00] Tienda.INFO: Tiendas listadas correctamente [] []
[2021-02-03T23:26:07.159836+01:00] Tienda.INFO: Borrada tienda: {"cod":"35"} []
[2021-02-03T23:26:07.161341+01:00] Tienda.INFO: Tiendas listadas correctamente [] []
[2021-02-03T23:26:09.462431+01:00] Tienda.INFO: Borrada tienda: {"cod":"34"} []
[2021-02-03T23:26:09.465035+01:00] Tienda.INFO: Tiendas listadas correctamente [] []
[2021-02-03T23:26:10.947470+01:00] Tienda.INFO: Borrada tienda: {"cod":"33"} []
[2021-02-03T23:26:10.948784+01:00] Tienda.INFO: Tiendas listadas correctamente [] []
[2021-02-03T23:26:11.389964+01:00] Tienda.INFO: Borrada tienda: {"cod":"32"} []
[2021-02-03T23:26:11.392892+01:00] Tienda.INFO: Tiendas listadas correctamente [] []
[2021-02-03T23:26:11.761760+01:00] Tienda.INFO: Borrada tienda: {"cod":"31"} []
[2021-02-03T23:26:11.763930+01:00] Tienda.INFO: Tiendas listadas correctamente [] []
[2021-02-03T23:26:14.102606+01:00] Tienda.INFO: Borrada tienda: {"cod":"31"} []
[2021-02-03T23:26:14.104300+01:00] Tienda.INFO: Tiendas listadas correctamente [] []
[2021-02-03T23:26:55.408444+01:00] Tienda.INFO: Borrada tienda: {"cod":"30"} []
[2021-02-03T23:26:55.411396+01:00] Tienda.INFO: Tiendas listadas correctamente [] []
[2021-02-03T23:27:19.247951+01:00] Tienda.INFO: Modificada tienda: {"cod":"36","nombre":"TiendaFea","tlf":"691317652"} []
[2021-02-03T23:27:19.250215+01:00] Tienda.INFO: Tiendas listadas correctamente [] []
[2021-02-03T23:27:23.871013+01:00] Tienda.INFO: Borrada tienda: {"cod":"36"} []
[2021-02-03T23:27:23.873170+01:00] Tienda.INFO: Tiendas listadas correctamente [] []
[2021-02-03T23:27:58.503734+01:00] Tienda.INFO: Borrada tienda: {"cod":"36"} []
[2021-02-03T23:27:58.505225+01:00] Tienda.INFO: Tiendas listadas correctamente [] []
[2021-02-03T23:28:04.978486+01:00] Tienda.INFO: Modificada tienda: {"cod":"37","nombre":"TiendaGuapa","tlf":"691317652"} []
[2021-02-03T23:28:04.980932+01:00] Tienda.INFO: Tiendas listadas correctamente [] []
[2021-02-03T23:28:34.615598+01:00] Tienda.INFO: Modificada tienda: {"cod":"38","nombre":"TiendaGuapa","tlf":"691317652"} []
[2021-02-03T23:28:34.618575+01:00] Tienda.INFO: Tiendas listadas correctamente [] []
[2021-02-03T23:28:38.322516+01:00] Tienda.INFO: Modificada tienda: {"cod":"39","nombre":"TiendaGuapa","tlf":"691317652"} []
[2021-02-03T23:28:38.327039+01:00] Tienda.INFO: Tiendas listadas correctamente [] []
[2021-02-03T23:28:42.107055+01:00] Tienda.INFO: Borrada tienda: {"cod":"39"} []
[2021-02-03T23:28:42.109576+01:00] Tienda.INFO: Tiendas listadas correctamente [] []
[2021-02-03T23:28:43.223570+01:00] Tienda.INFO: Borrada tienda: {"cod":"38"} []
[2021-02-03T23:28:43.227054+01:00] Tienda.INFO: Tiendas listadas correctamente [] []
[2021-02-03T23:28:44.965220+01:00] Tienda.INFO: Borrada tienda: {"cod":"37"} []
[2021-02-03T23:28:44.968133+01:00] Tienda.INFO: Tiendas listadas correctamente [] []
[2021-02-03T23:28:50.547735+01:00] Tienda.INFO: Borrada tienda: {"cod":"37"} []
[2021-02-03T23:28:50.552940+01:00] Tienda.INFO: Tiendas listadas correctamente [] []
[2021-02-03T23:29:23.036615+01:00] Tienda.INFO: Borrada tienda: {"cod":"37"} []
[2021-02-03T23:29:23.038298+01:00] Tienda.INFO: Tiendas listadas correctamente [] []
[2021-02-03T23:29:28.109185+01:00] Tienda.INFO: Modificada tienda: {"cod":"40","nombre":"Alexis Coves","tlf":"691317652"} []
[2021-02-03T23:29:28.112249+01:00] Tienda.INFO: Tiendas listadas correctamente [] []
[2021-02-03T23:29:33.007191+01:00] Tienda.INFO: Tienda cargada correctamente {"cod":"40","nombre":"Alexis Coves","tlf":"691317652"} []
[2021-02-03T23:29:37.450775+01:00] Tienda.INFO: Insertada tienda: {"cod":"40","nombre":"TiendaGuapa","tlf":"691317652"} []
[2021-02-03T23:29:37.453477+01:00] Tienda.INFO: Tiendas listadas correctamente [] []
[2021-02-03T23:29:53.730296+01:00] Tienda.INFO: Insertada tienda: {"cod":"40","nombre":"TiendaGuapa","tlf":"691317652"} []
[2021-02-03T23:29:53.732568+01:00] Tienda.INFO: Tiendas listadas correctamente [] []
[2021-02-03T23:30:23.911651+01:00] Tienda.INFO: Borrada tienda: {"cod":"40"} []
[2021-02-03T23:30:23.914735+01:00] Tienda.INFO: Tiendas listadas correctamente [] []
[2021-02-03T23:30:36.346863+01:00] Tienda.INFO: Borrada tienda: {"cod":"40"} []
[2021-02-03T23:30:36.349469+01:00] Tienda.INFO: Tiendas listadas correctamente [] []
[2021-02-03T23:30:43.262046+01:00] Tienda.INFO: Modificada tienda: {"cod":"41","nombre":"TiendaGuapa","tlf":"691317652"} []
[2021-02-03T23:30:43.264317+01:00] Tienda.INFO: Tiendas listadas correctamente [] []
[2021-02-03T23:33:21.643768+01:00] Tienda.INFO: Modificada tienda: {"cod":"42","nombre":"TiendaGuapa","tlf":"691317652"} []
[2021-02-03T23:33:21.647364+01:00] Tienda.INFO: Tiendas listadas correctamente [] []
[2021-02-03T23:33:23.760469+01:00] Tienda.INFO: Borrada tienda: {"cod":"42"} []
[2021-02-03T23:33:23.761775+01:00] Tienda.INFO: Tiendas listadas correctamente [] []
[2021-02-03T23:33:25.467942+01:00] Tienda.INFO: Tienda cargada correctamente {"cod":"41","nombre":"TiendaGuapa","tlf":"691317652"} []
[2021-02-03T23:33:30.776653+01:00] Tienda.INFO: Insertada tienda: {"cod":"41","nombre":"TiendaGuapa","tlf":"691317652"} []
[2021-02-03T23:33:30.780857+01:00] Tienda.INFO: Tiendas listadas correctamente [] []
[2021-02-03T23:33:55.252615+01:00] Tienda.INFO: Insertada tienda: {"cod":"41","nombre":"TiendaGuapa","tlf":"691317652"} []
[2021-02-03T23:33:55.255668+01:00] Tienda.INFO: Tiendas listadas correctamente [] []
[2021-02-03T23:33:56.840757+01:00] Tienda.INFO: Tienda cargada correctamente {"cod":"41","nombre":"TiendaGuapa","tlf":"691317652"} []
[2021-02-03T23:34:00.620999+01:00] Tienda.INFO: Insertada tienda: {"cod":"41","nombre":"TiendaGuapa","tlf":"600100100"} []
[2021-02-03T23:34:00.624536+01:00] Tienda.INFO: Tiendas listadas correctamente [] []
[2021-02-03T23:34:02.220814+01:00] Tienda.INFO: Borrada tienda: {"cod":"41"} []
[2021-02-03T23:34:02.222935+01:00] Tienda.INFO: Tiendas listadas correctamente [] []
[2021-02-03T23:34:34.811897+01:00] Tienda.INFO: Borrada tienda: {"cod":"41"} []
[2021-02-03T23:34:34.816179+01:00] Tienda.INFO: Tiendas listadas correctamente [] []
[2021-02-03T23:34:35.451930+01:00] Tienda.INFO: Borrada tienda: {"cod":"41"} []
[2021-02-03T23:34:35.455440+01:00] Tienda.INFO: Tiendas listadas correctamente [] []
[2021-02-03T23:34:35.599947+01:00] Tienda.INFO: Borrada tienda: {"cod":"41"} []
[2021-02-03T23:34:35.603693+01:00] Tienda.INFO: Tiendas listadas correctamente [] []
[2021-02-03T23:35:26.861934+01:00] Tienda.INFO: Borrada tienda: {"cod":"41"} []
[2021-02-03T23:35:26.866169+01:00] Tienda.INFO: Tiendas listadas correctamente [] []
[2021-02-03T23:35:27.701393+01:00] Tienda.INFO: Tienda cargada correctamente {"cod":"14","nombre":"CENTRAL","tlf":"600100101"} []
[2021-02-03T23:35:31.375456+01:00] Tienda.INFO: Insertada tienda: {"cod":"14","nombre":"TiendaGuapa","tlf":"691317652"} []
[2021-02-03T23:35:31.379202+01:00] Tienda.INFO: Tiendas listadas correctamente [] []
[2021-02-03T23:35:32.846051+01:00] Tienda.INFO: Borrada tienda: {"cod":"14"} []
[2021-02-03T23:35:32.850076+01:00] Tienda.INFO: Tiendas listadas correctamente [] []
[2021-02-03T23:35:37.354093+01:00] Tienda.INFO: Borrada tienda: {"cod":"14"} []
[2021-02-03T23:35:37.356897+01:00] Tienda.INFO: Tiendas listadas correctamente [] []
[2021-02-03T23:36:37.569556+01:00] Tienda.INFO: Borrada tienda: {"cod":"14"} []
[2021-02-03T23:36:37.575048+01:00] Tienda.INFO: Tiendas listadas correctamente [] []
[2021-02-03T23:37:49.124503+01:00] Tienda.INFO: Tiendas listadas correctamente [] []
