[2021-02-06T10:23:50.452758+01:00] TiendaLogger.INFO: Familias listadas correctamente [] []
[2021-02-06T10:24:02.379659+01:00] TiendaLogger.INFO: Familias listadas correctamente [] []
[2021-02-06T18:46:56.588341+01:00] TiendaLogger.ERROR: SQLSTATE[42S02]: Base table or view not found: 1146 Table 'dwes.productos' doesn't exist [] []
[2021-02-06T18:47:32.981594+01:00] TiendaLogger.ERROR: SQLSTATE[42S02]: Base table or view not found: 1146 Table 'dwes.productos' doesn't exist [] []
[2021-02-06T18:53:52.721437+01:00] TiendaLogger.INFO: Familias listadas correctamente [] []
[2021-02-06T19:04:03.887646+01:00] TiendaLogger.ERROR: SQLSTATE[42S02]: Base table or view not found: 1146 Table 'dwes.productos' doesn't exist [] []
[2021-02-06T19:05:19.655906+01:00] TiendaLogger.ERROR: SQLSTATE[42S02]: Base table or view not found: 1146 Table 'dwes.productos' doesn't exist [] []
[2021-02-06T19:06:52.002948+01:00] TiendaLogger.ERROR: SQLSTATE[42S02]: Base table or view not found: 1146 Table 'dwes.productos' doesn't exist [] []
[2021-02-06T19:06:52.804230+01:00] TiendaLogger.ERROR: SQLSTATE[42S02]: Base table or view not found: 1146 Table 'dwes.productos' doesn't exist [] []
[2021-02-06T19:06:52.974532+01:00] TiendaLogger.ERROR: SQLSTATE[42S02]: Base table or view not found: 1146 Table 'dwes.productos' doesn't exist [] []
[2021-02-06T19:06:53.095269+01:00] TiendaLogger.ERROR: SQLSTATE[42S02]: Base table or view not found: 1146 Table 'dwes.productos' doesn't exist [] []
[2021-02-06T19:06:53.279240+01:00] TiendaLogger.ERROR: SQLSTATE[42S02]: Base table or view not found: 1146 Table 'dwes.productos' doesn't exist [] []
[2021-02-06T19:06:53.412853+01:00] TiendaLogger.ERROR: SQLSTATE[42S02]: Base table or view not found: 1146 Table 'dwes.productos' doesn't exist [] []
[2021-02-06T19:06:55.580866+01:00] TiendaLogger.ERROR: SQLSTATE[42S02]: Base table or view not found: 1146 Table 'dwes.productos' doesn't exist [] []
[2021-02-06T19:07:04.297609+01:00] TiendaLogger.ERROR: SQLSTATE[42S02]: Base table or view not found: 1146 Table 'dwes.productos' doesn't exist [] []
[2021-02-06T19:10:07.200234+01:00] TiendaLogger.INFO: Tiendas listadas correctamente [] []
[2021-02-06T19:10:36.143269+01:00] TiendaLogger.INFO: Familias listadas correctamente [] []
[2021-02-06T19:14:41.454236+01:00] TiendaLogger.INFO: Familias listadas correctamente [] []
[2021-02-06T19:14:52.566370+01:00] TiendaLogger.INFO: Familias listadas correctamente [] []
[2021-02-06T19:15:23.405519+01:00] TiendaLogger.INFO: Familias listadas correctamente [] []
[2021-02-06T19:15:46.586200+01:00] TiendaLogger.INFO: Familias listadas correctamente [] []
[2021-02-06T19:16:05.802349+01:00] TiendaLogger.INFO: Familias listadas correctamente [] []
[2021-02-06T19:16:19.037368+01:00] TiendaLogger.INFO: Familias listadas correctamente [] []
[2021-02-06T19:16:21.250876+01:00] TiendaLogger.INFO: Familias listadas correctamente [] []
[2021-02-06T19:16:22.022791+01:00] TiendaLogger.INFO: Familias listadas correctamente [] []
[2021-02-06T19:16:22.861589+01:00] TiendaLogger.INFO: Familias listadas correctamente [] []
[2021-02-06T19:16:25.064160+01:00] TiendaLogger.INFO: Familias listadas correctamente [] []
[2021-02-06T19:17:08.367379+01:00] TiendaLogger.INFO: Familias listadas correctamente [] []
[2021-02-06T19:17:26.726025+01:00] TiendaLogger.INFO: Familias listadas correctamente [] []
[2021-02-06T19:17:29.054367+01:00] TiendaLogger.INFO: Familias listadas correctamente [] []
[2021-02-06T19:18:26.100564+01:00] TiendaLogger.INFO: Familias listadas correctamente [] []
[2021-02-06T19:21:20.191607+01:00] TiendaLogger.INFO: Familias listadas correctamente [] []
[2021-02-06T19:25:08.756794+01:00] TiendaLogger.INFO: Familias listadas correctamente [] []
[2021-02-06T19:25:09.993833+01:00] TiendaLogger.INFO: Familias listadas correctamente [] []
[2021-02-06T19:25:11.247642+01:00] TiendaLogger.INFO: Familias listadas correctamente [] []
[2021-02-06T19:25:11.433185+01:00] TiendaLogger.INFO: Familias listadas correctamente [] []
[2021-02-06T19:25:11.768336+01:00] TiendaLogger.INFO: Familias listadas correctamente [] []
[2021-02-06T19:28:16.766386+01:00] TiendaLogger.INFO: Familias listadas correctamente [] []
[2021-02-06T19:30:17.198731+01:00] TiendaLogger.INFO: Familias listadas correctamente [] []
[2021-02-06T19:30:17.619473+01:00] TiendaLogger.INFO: Familias listadas correctamente [] []
[2021-02-06T19:30:17.757662+01:00] TiendaLogger.INFO: Familias listadas correctamente [] []
[2021-02-06T19:30:17.884934+01:00] TiendaLogger.INFO: Familias listadas correctamente [] []
[2021-02-06T19:31:10.868937+01:00] TiendaLogger.INFO: Familias listadas correctamente [] []
[2021-02-06T19:31:12.298059+01:00] TiendaLogger.INFO: Familias listadas correctamente [] []
[2021-02-06T19:31:28.949600+01:00] TiendaLogger.INFO: Familias listadas correctamente [] []
[2021-02-06T19:31:32.099755+01:00] TiendaLogger.INFO: Familias listadas correctamente [] []
[2021-02-06T19:31:32.570392+01:00] TiendaLogger.INFO: Familias listadas correctamente [] []
[2021-02-06T19:31:32.791874+01:00] TiendaLogger.INFO: Familias listadas correctamente [] []
[2021-02-06T19:31:34.233728+01:00] TiendaLogger.INFO: Familias listadas correctamente [] []
[2021-02-06T19:32:45.635480+01:00] TiendaLogger.INFO: Familias listadas correctamente [] []
[2021-02-06T19:32:46.791591+01:00] TiendaLogger.INFO: Familias listadas correctamente [] []
[2021-02-06T19:33:05.630966+01:00] TiendaLogger.INFO: Familias listadas correctamente [] []
[2021-02-06T19:33:29.538141+01:00] TiendaLogger.INFO: Familias listadas correctamente [] []
[2021-02-06T19:33:31.075700+01:00] TiendaLogger.INFO: Familias listadas correctamente [] []
[2021-02-06T19:33:35.367340+01:00] TiendaLogger.INFO: Familias listadas correctamente [] []
[2021-02-06T19:34:45.770336+01:00] TiendaLogger.INFO: Familias listadas correctamente [] []
[2021-02-06T19:34:45.971505+01:00] TiendaLogger.INFO: Familias listadas correctamente [] []
[2021-02-06T19:34:46.137471+01:00] TiendaLogger.INFO: Familias listadas correctamente [] []
[2021-02-06T19:34:46.295458+01:00] TiendaLogger.INFO: Familias listadas correctamente [] []
[2021-02-06T19:34:46.428978+01:00] TiendaLogger.INFO: Familias listadas correctamente [] []
[2021-02-06T19:34:46.572274+01:00] TiendaLogger.INFO: Familias listadas correctamente [] []
[2021-02-06T19:34:47.098838+01:00] TiendaLogger.INFO: Familias listadas correctamente [] []
[2021-02-06T19:35:04.295197+01:00] TiendaLogger.INFO: Familias listadas correctamente [] []
[2021-02-06T19:35:05.254295+01:00] TiendaLogger.INFO: Familias listadas correctamente [] []
[2021-02-06T19:35:05.778591+01:00] TiendaLogger.INFO: Familias listadas correctamente [] []
[2021-02-06T19:35:05.919757+01:00] TiendaLogger.INFO: Familias listadas correctamente [] []
[2021-02-06T19:35:06.082389+01:00] TiendaLogger.INFO: Familias listadas correctamente [] []
[2021-02-06T19:35:06.240761+01:00] TiendaLogger.INFO: Familias listadas correctamente [] []
[2021-02-06T19:35:11.059785+01:00] TiendaLogger.INFO: Familias listadas correctamente [] []
[2021-02-06T19:36:10.690551+01:00] TiendaLogger.INFO: Familias listadas correctamente [] []
[2021-02-06T19:36:38.088128+01:00] TiendaLogger.INFO: Familias listadas correctamente [] []
[2021-02-06T19:36:57.156165+01:00] TiendaLogger.INFO: Familias listadas correctamente [] []
[2021-02-06T19:37:38.193987+01:00] TiendaLogger.INFO: Familias listadas correctamente [] []
[2021-02-06T19:38:32.488645+01:00] TiendaLogger.INFO: Familias listadas correctamente [] []
[2021-02-06T19:38:37.629714+01:00] TiendaLogger.ERROR: SQLSTATE[HY093]: Invalid parameter number: parameter was not defined [] []
[2021-02-06T19:38:37.630827+01:00] TiendaLogger.ERROR: SQLSTATE[42S02]: Base table or view not found: 1146 Table 'dwes.productos' doesn't exist [] []
[2021-02-06T19:39:36.878284+01:00] TiendaLogger.INFO: Familias listadas correctamente [] []
[2021-02-06T19:39:53.680462+01:00] TiendaLogger.ERROR: SQLSTATE[HY093]: Invalid parameter number: parameter was not defined [] []
[2021-02-06T19:39:53.682213+01:00] TiendaLogger.ERROR: SQLSTATE[42S02]: Base table or view not found: 1146 Table 'dwes.productos' doesn't exist [] []
[2021-02-06T19:42:13.756276+01:00] TiendaLogger.ERROR: SQLSTATE[HY093]: Invalid parameter number: parameter was not defined [] []
[2021-02-06T19:42:13.759014+01:00] TiendaLogger.ERROR: SQLSTATE[42S02]: Base table or view not found: 1146 Table 'dwes.productos' doesn't exist [] []
[2021-02-06T19:42:21.983678+01:00] TiendaLogger.ERROR: SQLSTATE[HY093]: Invalid parameter number: parameter was not defined [] []
[2021-02-06T19:42:21.985158+01:00] TiendaLogger.ERROR: SQLSTATE[42S02]: Base table or view not found: 1146 Table 'dwes.productos' doesn't exist [] []
[2021-02-06T19:42:38.772558+01:00] TiendaLogger.ERROR: SQLSTATE[HY093]: Invalid parameter number: parameter was not defined [] []
[2021-02-06T19:42:38.773772+01:00] TiendaLogger.ERROR: SQLSTATE[42S02]: Base table or view not found: 1146 Table 'dwes.productos' doesn't exist [] []
[2021-02-06T19:46:17.334597+01:00] TiendaLogger.ERROR: SQLSTATE[HY093]: Invalid parameter number: parameter was not defined [] []
[2021-02-06T19:46:17.335814+01:00] TiendaLogger.ERROR: SQLSTATE[42S02]: Base table or view not found: 1146 Table 'dwes.productos' doesn't exist [] []
[2021-02-06T19:47:04.685895+01:00] TiendaLogger.ERROR: SQLSTATE[HY093]: Invalid parameter number: parameter was not defined [] []
[2021-02-06T19:47:04.687339+01:00] TiendaLogger.INFO: Productos listados correctamente [] []
[2021-02-06T19:47:35.389847+01:00] TiendaLogger.ERROR: SQLSTATE[HY093]: Invalid parameter number: parameter was not defined [] []
[2021-02-06T19:47:35.392383+01:00] TiendaLogger.INFO: Productos listados correctamente [] []
[2021-02-06T19:47:50.474176+01:00] TiendaLogger.ERROR: SQLSTATE[HY093]: Invalid parameter number: parameter was not defined [] []
[2021-02-06T19:47:50.475706+01:00] TiendaLogger.INFO: Productos listados correctamente [] []
[2021-02-06T19:52:40.432010+01:00] TiendaLogger.INFO: Familias listadas correctamente [] []
[2021-02-06T19:52:49.947821+01:00] TiendaLogger.INFO: Familias listadas correctamente [] []
[2021-02-06T19:52:50.779893+01:00] TiendaLogger.INFO: Familias listadas correctamente [] []
[2021-02-06T19:52:51.113551+01:00] TiendaLogger.INFO: Familias listadas correctamente [] []
[2021-02-06T19:52:51.258358+01:00] TiendaLogger.INFO: Familias listadas correctamente [] []
[2021-02-06T19:52:51.378138+01:00] TiendaLogger.INFO: Familias listadas correctamente [] []
[2021-02-06T19:56:30.727634+01:00] TiendaLogger.ERROR: SQLSTATE[HY093]: Invalid parameter number: parameter was not defined [] []
[2021-02-06T19:56:30.729123+01:00] TiendaLogger.INFO: Productos listados correctamente [] []
[2021-02-06T19:56:58.587950+01:00] TiendaLogger.INFO: Familias listadas correctamente [] []
[2021-02-06T19:57:01.100168+01:00] TiendaLogger.INFO: Familias listadas correctamente [] []
[2021-02-06T19:57:14.206587+01:00] TiendaLogger.ERROR: SQLSTATE[HY093]: Invalid parameter number: parameter was not defined [] []
[2021-02-06T19:57:14.208257+01:00] TiendaLogger.INFO: Productos listados correctamente [] []
[2021-02-06T19:58:54.372713+01:00] TiendaLogger.ERROR: SQLSTATE[HY093]: Invalid parameter number: parameter was not defined [] []
[2021-02-06T19:58:54.374886+01:00] TiendaLogger.INFO: Productos listados correctamente [] []
[2021-02-06T20:08:15.658500+01:00] TiendaLogger.INFO: Familias listadas correctamente [] []
[2021-02-06T20:08:21.202453+01:00] TiendaLogger.ERROR: SQLSTATE[HY093]: Invalid parameter number: parameter was not defined [] []
[2021-02-06T20:08:21.204414+01:00] TiendaLogger.INFO: Productos listados correctamente [] []
[2021-02-06T20:09:38.320772+01:00] TiendaLogger.ERROR: SQLSTATE[HY093]: Invalid parameter number: parameter was not defined [] []
[2021-02-06T20:09:38.327556+01:00] TiendaLogger.INFO: Productos listados correctamente [] []
[2021-02-06T20:10:05.846543+01:00] TiendaLogger.ERROR: SQLSTATE[HY093]: Invalid parameter number: parameter was not defined [] []
[2021-02-06T20:10:05.848116+01:00] TiendaLogger.INFO: Productos listados correctamente [] []
[2021-02-06T20:10:23.705662+01:00] TiendaLogger.ERROR: SQLSTATE[HY093]: Invalid parameter number: parameter was not defined [] []
[2021-02-06T20:10:23.707129+01:00] TiendaLogger.INFO: Productos listados correctamente [] []
[2021-02-06T20:10:32.996797+01:00] TiendaLogger.ERROR: SQLSTATE[HY093]: Invalid parameter number: parameter was not defined [] []
[2021-02-06T20:10:32.999990+01:00] TiendaLogger.INFO: Productos listados correctamente [] []
[2021-02-06T20:10:40.007973+01:00] TiendaLogger.INFO: Familias listadas correctamente [] []
[2021-02-06T20:10:49.332417+01:00] TiendaLogger.INFO: Familias listadas correctamente [] []
[2021-02-06T20:10:50.084412+01:00] TiendaLogger.INFO: Familias listadas correctamente [] []
[2021-02-06T20:10:50.248344+01:00] TiendaLogger.INFO: Familias listadas correctamente [] []
[2021-02-06T20:10:50.389293+01:00] TiendaLogger.INFO: Familias listadas correctamente [] []
[2021-02-06T20:10:50.544182+01:00] TiendaLogger.INFO: Familias listadas correctamente [] []
[2021-02-06T20:10:50.702521+01:00] TiendaLogger.INFO: Familias listadas correctamente [] []
[2021-02-06T20:10:50.843662+01:00] TiendaLogger.INFO: Familias listadas correctamente [] []
[2021-02-06T20:10:51.002095+01:00] TiendaLogger.INFO: Familias listadas correctamente [] []
[2021-02-06T20:10:51.180371+01:00] TiendaLogger.INFO: Familias listadas correctamente [] []
[2021-02-06T20:11:07.432877+01:00] TiendaLogger.INFO: Familias listadas correctamente [] []
[2021-02-06T20:11:07.964321+01:00] TiendaLogger.INFO: Familias listadas correctamente [] []
[2021-02-06T20:11:08.106634+01:00] TiendaLogger.INFO: Familias listadas correctamente [] []
[2021-02-06T20:11:08.236700+01:00] TiendaLogger.INFO: Familias listadas correctamente [] []
[2021-02-06T20:11:08.374274+01:00] TiendaLogger.INFO: Familias listadas correctamente [] []
[2021-02-06T20:11:08.525100+01:00] TiendaLogger.INFO: Familias listadas correctamente [] []
[2021-02-06T20:11:08.685372+01:00] TiendaLogger.INFO: Familias listadas correctamente [] []
[2021-02-06T20:11:08.834086+01:00] TiendaLogger.INFO: Familias listadas correctamente [] []
[2021-02-06T20:11:09.303149+01:00] TiendaLogger.INFO: Familias listadas correctamente [] []
[2021-02-06T20:11:09.753514+01:00] TiendaLogger.INFO: Familias listadas correctamente [] []
[2021-02-06T20:11:21.143006+01:00] TiendaLogger.INFO: Familias listadas correctamente [] []
[2021-02-06T20:11:22.412958+01:00] TiendaLogger.ERROR: SQLSTATE[HY093]: Invalid parameter number: parameter was not defined [] []
[2021-02-06T20:11:22.422949+01:00] TiendaLogger.INFO: Productos listados correctamente [] []
[2021-02-06T20:11:48.996894+01:00] TiendaLogger.ERROR: SQLSTATE[HY093]: Invalid parameter number: parameter was not defined [] []
[2021-02-06T20:11:48.998890+01:00] TiendaLogger.INFO: Productos listados correctamente [] []
[2021-02-06T20:12:06.278441+01:00] TiendaLogger.ERROR: SQLSTATE[HY093]: Invalid parameter number: parameter was not defined [] []
[2021-02-06T20:12:06.279806+01:00] TiendaLogger.INFO: Productos listados correctamente [] []
[2021-02-06T20:12:40.386189+01:00] TiendaLogger.INFO: Familias listadas correctamente [] []
[2021-02-06T20:12:52.653923+01:00] TiendaLogger.INFO: Familias listadas correctamente [] []
[2021-02-06T20:12:53.833410+01:00] TiendaLogger.INFO: Familias listadas correctamente [] []
[2021-02-06T20:12:54.454735+01:00] TiendaLogger.INFO: Familias listadas correctamente [] []
[2021-02-06T20:12:54.597455+01:00] TiendaLogger.INFO: Familias listadas correctamente [] []
[2021-02-06T20:13:28.551397+01:00] TiendaLogger.INFO: Familias listadas correctamente [] []
[2021-02-06T20:13:31.479788+01:00] TiendaLogger.INFO: Familias listadas correctamente [] []
[2021-02-06T20:14:17.147068+01:00] TiendaLogger.ERROR: SQLSTATE[HY093]: Invalid parameter number: parameter was not defined [] []
[2021-02-06T20:14:17.148488+01:00] TiendaLogger.INFO: Productos listados correctamente [] []
[2021-02-06T20:15:07.603605+01:00] TiendaLogger.ERROR: SQLSTATE[HY093]: Invalid parameter number: parameter was not defined [] []
[2021-02-06T20:15:07.605804+01:00] TiendaLogger.INFO: Productos listados correctamente [] []
[2021-02-06T20:15:53.419841+01:00] TiendaLogger.ERROR: SQLSTATE[HY093]: Invalid parameter number: parameter was not defined [] []
[2021-02-06T20:15:53.421137+01:00] TiendaLogger.INFO: Productos listados correctamente [] []
[2021-02-06T20:16:15.922459+01:00] TiendaLogger.ERROR: SQLSTATE[HY093]: Invalid parameter number: parameter was not defined [] []
[2021-02-06T20:16:15.926279+01:00] TiendaLogger.INFO: Productos listados correctamente [] []
[2021-02-06T20:16:55.256574+01:00] TiendaLogger.INFO: Familias listadas correctamente [] []
[2021-02-06T20:17:13.953392+01:00] TiendaLogger.ERROR: SQLSTATE[HY093]: Invalid parameter number: parameter was not defined [] []
[2021-02-06T20:17:13.955039+01:00] TiendaLogger.INFO: Productos listados correctamente [] []
[2021-02-06T20:18:10.260044+01:00] TiendaLogger.INFO: Familias listadas correctamente [] []
[2021-02-06T20:18:12.235124+01:00] TiendaLogger.INFO: Familias listadas correctamente [] []
[2021-02-06T20:19:25.045901+01:00] TiendaLogger.ERROR: SQLSTATE[HY093]: Invalid parameter number: parameter was not defined [] []
[2021-02-06T20:19:25.048530+01:00] TiendaLogger.INFO: Productos listados correctamente [] []
[2021-02-06T20:33:43.306591+01:00] TiendaLogger.ERROR: SQLSTATE[HY093]: Invalid parameter number: parameter was not defined [] []
[2021-02-06T20:33:43.309225+01:00] TiendaLogger.INFO: Productos listados correctamente [] []
[2021-02-06T20:34:53.681811+01:00] TiendaLogger.ERROR: SQLSTATE[HY093]: Invalid parameter number: parameter was not defined [] []
[2021-02-06T20:34:53.684124+01:00] TiendaLogger.INFO: Productos listados correctamente [] []
[2021-02-06T20:37:20.451165+01:00] TiendaLogger.ERROR: SQLSTATE[HY093]: Invalid parameter number: parameter was not defined [] []
[2021-02-06T20:37:20.452614+01:00] TiendaLogger.INFO: Productos listados correctamente [] []
[2021-02-06T20:37:52.080015+01:00] TiendaLogger.ERROR: SQLSTATE[HY093]: Invalid parameter number: parameter was not defined [] []
[2021-02-06T20:37:52.081475+01:00] TiendaLogger.INFO: Productos listados correctamente [] []
[2021-02-06T20:38:15.937360+01:00] TiendaLogger.ERROR: SQLSTATE[HY093]: Invalid parameter number: parameter was not defined [] []
[2021-02-06T20:38:15.938999+01:00] TiendaLogger.INFO: Productos listados correctamente [] []
[2021-02-06T20:38:48.464445+01:00] TiendaLogger.ERROR: SQLSTATE[HY093]: Invalid parameter number: parameter was not defined [] []
[2021-02-06T20:38:48.465757+01:00] TiendaLogger.INFO: Productos listados correctamente [] []
[2021-02-06T20:38:51.746065+01:00] TiendaLogger.ERROR: SQLSTATE[HY093]: Invalid parameter number: parameter was not defined [] []
[2021-02-06T20:38:51.747620+01:00] TiendaLogger.INFO: Productos listados correctamente [] []
[2021-02-06T20:38:57.693843+01:00] TiendaLogger.ERROR: SQLSTATE[HY093]: Invalid parameter number: parameter was not defined [] []
[2021-02-06T20:38:57.695504+01:00] TiendaLogger.INFO: Productos listados correctamente [] []
[2021-02-06T20:39:07.355192+01:00] TiendaLogger.INFO: Familias listadas correctamente [] []
[2021-02-06T20:39:19.869941+01:00] TiendaLogger.ERROR: SQLSTATE[HY093]: Invalid parameter number: parameter was not defined [] []
[2021-02-06T20:39:19.872625+01:00] TiendaLogger.INFO: Productos listados correctamente [] []
[2021-02-06T20:40:18.441601+01:00] TiendaLogger.ERROR: SQLSTATE[HY093]: Invalid parameter number: parameter was not defined [] []
[2021-02-06T20:40:18.443084+01:00] TiendaLogger.INFO: Productos listados correctamente [] []
[2021-02-06T20:40:35.614476+01:00] TiendaLogger.ERROR: SQLSTATE[HY093]: Invalid parameter number: parameter was not defined [] []
[2021-02-06T20:40:35.615813+01:00] TiendaLogger.INFO: Productos listados correctamente [] []
[2021-02-06T20:40:53.435974+01:00] TiendaLogger.ERROR: SQLSTATE[HY093]: Invalid parameter number: parameter was not defined [] []
[2021-02-06T20:40:53.440994+01:00] TiendaLogger.INFO: Productos listados correctamente [] []
[2021-02-06T20:41:32.691424+01:00] TiendaLogger.INFO: Familias listadas correctamente [] []
[2021-02-06T20:41:46.693164+01:00] TiendaLogger.ERROR: SQLSTATE[HY093]: Invalid parameter number: parameter was not defined [] []
[2021-02-06T20:41:46.695630+01:00] TiendaLogger.INFO: Productos listados correctamente [] []
[2021-02-06T20:42:18.949465+01:00] TiendaLogger.ERROR: SQLSTATE[HY093]: Invalid parameter number: parameter was not defined [] []
[2021-02-06T20:42:18.950890+01:00] TiendaLogger.INFO: Productos listados correctamente [] []
[2021-02-06T20:42:44.536466+01:00] TiendaLogger.ERROR: SQLSTATE[HY093]: Invalid parameter number: parameter was not defined [] []
[2021-02-06T20:42:44.537869+01:00] TiendaLogger.INFO: Productos listados correctamente [] []
[2021-02-06T20:43:10.207685+01:00] TiendaLogger.ERROR: SQLSTATE[HY093]: Invalid parameter number: parameter was not defined [] []
[2021-02-06T20:43:10.211149+01:00] TiendaLogger.INFO: Productos listados correctamente [] []
[2021-02-06T20:43:28.084991+01:00] TiendaLogger.ERROR: SQLSTATE[HY093]: Invalid parameter number: parameter was not defined [] []
[2021-02-06T20:43:28.086360+01:00] TiendaLogger.INFO: Productos listados correctamente [] []
[2021-02-06T20:43:52.394808+01:00] TiendaLogger.ERROR: SQLSTATE[HY093]: Invalid parameter number: parameter was not defined [] []
[2021-02-06T20:43:52.396129+01:00] TiendaLogger.INFO: Productos listados correctamente [] []
[2021-02-06T20:44:58.970916+01:00] TiendaLogger.INFO: Familias listadas correctamente [] []
[2021-02-06T20:45:00.753676+01:00] TiendaLogger.ERROR: SQLSTATE[HY093]: Invalid parameter number: parameter was not defined [] []
[2021-02-06T20:45:00.755421+01:00] TiendaLogger.INFO: Productos listados correctamente [] []
[2021-02-06T20:46:26.180825+01:00] TiendaLogger.INFO: Productos listados correctamente [] []
[2021-02-06T20:46:31.859981+01:00] TiendaLogger.INFO: Familias listadas correctamente [] []
[2021-02-06T20:46:40.925527+01:00] TiendaLogger.ERROR: SQLSTATE[HY093]: Invalid parameter number: parameter was not defined [] []
[2021-02-06T20:46:40.927574+01:00] TiendaLogger.INFO: Productos listados correctamente [] []
[2021-02-06T20:47:47.407448+01:00] TiendaLogger.ERROR: SQLSTATE[HY093]: Invalid parameter number: parameter was not defined [] []
[2021-02-06T20:47:47.408731+01:00] TiendaLogger.INFO: Productos listados correctamente [] []
[2021-02-06T20:48:02.284992+01:00] TiendaLogger.ERROR: SQLSTATE[HY093]: Invalid parameter number: parameter was not defined [] []
[2021-02-06T20:48:02.286420+01:00] TiendaLogger.INFO: Productos listados correctamente [] []
[2021-02-06T20:48:32.845187+01:00] TiendaLogger.ERROR: SQLSTATE[HY093]: Invalid parameter number: parameter was not defined [] []
[2021-02-06T20:48:32.846505+01:00] TiendaLogger.INFO: Productos listados correctamente [] []
[2021-02-06T20:48:55.908446+01:00] TiendaLogger.ERROR: SQLSTATE[HY093]: Invalid parameter number: parameter was not defined [] []
[2021-02-06T20:48:55.909757+01:00] TiendaLogger.INFO: Productos listados correctamente [] []
[2021-02-06T20:49:50.834404+01:00] TiendaLogger.INFO: Insertado producto: {"cod":"CC60D","nombre":"Canon EOS 60D","nombre_corto":"CANON60D","descripcion":"Cámara Réflex DSLR","pvp":"2","familia":"CAMARA"} []
[2021-02-06T20:49:50.837750+01:00] TiendaLogger.INFO: Productos listados correctamente [] []
[2021-02-06T21:20:10.238485+01:00] TiendaLogger.INFO: Productos listados correctamente [] []
[2021-02-06T21:20:16.470573+01:00] TiendaLogger.INFO: Producto cargado correctamente {"cod":"CC60D","nombre":"Canon EOS 60D"} []
[2021-02-06T21:20:16.472682+01:00] TiendaLogger.INFO: Familias listadas correctamente [] []
[2021-02-06T21:20:35.258312+01:00] TiendaLogger.INFO: Producto cargado correctamente {"cod":"CC60D","nombre":"Canon EOS 60D"} []
[2021-02-06T21:20:35.260082+01:00] TiendaLogger.INFO: Familias listadas correctamente [] []
[2021-02-06T21:21:02.321045+01:00] TiendaLogger.INFO: Producto cargado correctamente {"cod":"CC60D","nombre":"Canon EOS 60D"} []
[2021-02-06T21:21:02.323155+01:00] TiendaLogger.INFO: Familias listadas correctamente [] []
[2021-02-06T21:21:14.009124+01:00] TiendaLogger.INFO: Producto cargado correctamente {"cod":"CC60D","nombre":"Canon EOS 60D"} []
[2021-02-06T21:21:14.014103+01:00] TiendaLogger.INFO: Familias listadas correctamente [] []
[2021-02-06T21:21:19.696719+01:00] TiendaLogger.INFO: Producto cargado correctamente {"cod":"CC60D","nombre":"Canon EOS 60D"} []
[2021-02-06T21:21:19.698986+01:00] TiendaLogger.INFO: Familias listadas correctamente [] []
[2021-02-06T21:21:39.952355+01:00] TiendaLogger.INFO: Producto cargado correctamente {"cod":"CC60D","nombre":"Canon EOS 60D"} []
[2021-02-06T21:21:39.954027+01:00] TiendaLogger.INFO: Familias listadas correctamente [] []
[2021-02-06T21:21:48.516970+01:00] TiendaLogger.INFO: Producto cargado correctamente {"cod":"CC60D","nombre":"Canon EOS 60D"} []
[2021-02-06T21:21:48.518786+01:00] TiendaLogger.INFO: Familias listadas correctamente [] []
[2021-02-06T21:22:10.359125+01:00] TiendaLogger.INFO: Producto cargado correctamente {"cod":"CC60D","nombre":"Canon EOS 60D"} []
[2021-02-06T21:22:10.362156+01:00] TiendaLogger.INFO: Familias listadas correctamente [] []
[2021-02-06T21:23:34.195889+01:00] TiendaLogger.INFO: Familias listadas correctamente [] []
[2021-02-06T21:23:35.831285+01:00] TiendaLogger.INFO: Familias listadas correctamente [] []
[2021-02-06T21:23:36.323189+01:00] TiendaLogger.INFO: Familias listadas correctamente [] []
[2021-02-06T21:23:36.483091+01:00] TiendaLogger.INFO: Familias listadas correctamente [] []
[2021-02-06T21:23:36.641155+01:00] TiendaLogger.INFO: Familias listadas correctamente [] []
[2021-02-06T21:23:36.801790+01:00] TiendaLogger.INFO: Familias listadas correctamente [] []
[2021-02-06T21:23:36.943977+01:00] TiendaLogger.INFO: Familias listadas correctamente [] []
[2021-02-06T21:23:37.105078+01:00] TiendaLogger.INFO: Familias listadas correctamente [] []
[2021-02-06T21:23:37.282666+01:00] TiendaLogger.INFO: Familias listadas correctamente [] []
[2021-02-06T21:23:38.303724+01:00] TiendaLogger.INFO: Familias listadas correctamente [] []
[2021-02-06T21:23:38.953939+01:00] TiendaLogger.INFO: Familias listadas correctamente [] []
[2021-02-06T21:23:39.372174+01:00] TiendaLogger.INFO: Familias listadas correctamente [] []
[2021-02-06T21:23:39.736220+01:00] TiendaLogger.INFO: Familias listadas correctamente [] []
[2021-02-06T21:23:40.126709+01:00] TiendaLogger.INFO: Familias listadas correctamente [] []
[2021-02-06T21:23:40.926790+01:00] TiendaLogger.INFO: Familias listadas correctamente [] []
[2021-02-06T21:26:50.328228+01:00] TiendaLogger.INFO: Familias listadas correctamente [] []
[2021-02-06T21:26:51.347289+01:00] TiendaLogger.INFO: Familias listadas correctamente [] []
[2021-02-06T21:27:03.977212+01:00] TiendaLogger.INFO: Familias listadas correctamente [] []
[2021-02-06T21:27:28.001937+01:00] TiendaLogger.INFO: Familias listadas correctamente [] []
[2021-02-06T21:27:28.474074+01:00] TiendaLogger.INFO: Familias listadas correctamente [] []
[2021-02-06T21:27:28.649536+01:00] TiendaLogger.INFO: Familias listadas correctamente [] []
[2021-02-06T21:27:28.995542+01:00] TiendaLogger.INFO: Familias listadas correctamente [] []
[2021-02-06T21:27:29.396910+01:00] TiendaLogger.INFO: Familias listadas correctamente [] []
[2021-02-06T21:27:29.544268+01:00] TiendaLogger.INFO: Familias listadas correctamente [] []
[2021-02-06T21:27:29.905507+01:00] TiendaLogger.INFO: Familias listadas correctamente [] []
[2021-02-06T21:27:30.274861+01:00] TiendaLogger.INFO: Familias listadas correctamente [] []
[2021-02-06T21:27:30.437944+01:00] TiendaLogger.INFO: Familias listadas correctamente [] []
[2021-02-06T21:27:30.779568+01:00] TiendaLogger.INFO: Familias listadas correctamente [] []
[2021-02-06T21:27:31.296327+01:00] TiendaLogger.INFO: Familias listadas correctamente [] []
[2021-02-06T21:27:31.480139+01:00] TiendaLogger.INFO: Familias listadas correctamente [] []
[2021-02-06T21:27:31.646917+01:00] TiendaLogger.INFO: Familias listadas correctamente [] []
[2021-02-06T21:27:31.978938+01:00] TiendaLogger.INFO: Familias listadas correctamente [] []
[2021-02-06T21:27:32.355451+01:00] TiendaLogger.INFO: Familias listadas correctamente [] []
[2021-02-06T21:27:32.489421+01:00] TiendaLogger.INFO: Familias listadas correctamente [] []
[2021-02-06T21:27:32.658402+01:00] TiendaLogger.INFO: Familias listadas correctamente [] []
[2021-02-06T21:27:32.819367+01:00] TiendaLogger.INFO: Familias listadas correctamente [] []
[2021-02-06T21:27:35.877508+01:00] TiendaLogger.INFO: Familias listadas correctamente [] []
[2021-02-06T21:27:36.273365+01:00] TiendaLogger.INFO: Familias listadas correctamente [] []
[2021-02-06T21:27:36.626846+01:00] TiendaLogger.INFO: Familias listadas correctamente [] []
[2021-02-06T21:27:36.971600+01:00] TiendaLogger.INFO: Familias listadas correctamente [] []
[2021-02-06T21:27:37.153387+01:00] TiendaLogger.INFO: Familias listadas correctamente [] []
[2021-02-06T21:27:37.508994+01:00] TiendaLogger.INFO: Familias listadas correctamente [] []
[2021-02-06T21:27:37.828547+01:00] TiendaLogger.INFO: Familias listadas correctamente [] []
[2021-02-06T21:27:38.190564+01:00] TiendaLogger.INFO: Familias listadas correctamente [] []
[2021-02-06T21:27:38.529042+01:00] TiendaLogger.INFO: Familias listadas correctamente [] []
[2021-02-06T21:27:39.307275+01:00] TiendaLogger.INFO: Familias listadas correctamente [] []
[2021-02-06T21:27:41.680588+01:00] TiendaLogger.INFO: Familias listadas correctamente [] []
[2021-02-06T21:29:02.656672+01:00] TiendaLogger.INFO: Familias listadas correctamente [] []
[2021-02-06T21:29:03.580735+01:00] TiendaLogger.INFO: Familias listadas correctamente [] []
[2021-02-06T21:30:18.422343+01:00] TiendaLogger.INFO: Familias listadas correctamente [] []
[2021-02-06T21:30:19.166522+01:00] TiendaLogger.INFO: Familias listadas correctamente [] []
[2021-02-06T21:30:19.317271+01:00] TiendaLogger.INFO: Familias listadas correctamente [] []
[2021-02-06T21:30:19.449850+01:00] TiendaLogger.INFO: Familias listadas correctamente [] []
[2021-02-06T21:31:14.475833+01:00] TiendaLogger.INFO: Familias listadas correctamente [] []
[2021-02-06T21:31:15.793279+01:00] TiendaLogger.INFO: Familias listadas correctamente [] []
[2021-02-06T21:31:32.033434+01:00] TiendaLogger.INFO: Productos listados correctamente [] []
[2021-02-06T21:31:37.312032+01:00] TiendaLogger.INFO: Producto cargado correctamente {"cod":"CC60D","nombre":"Canon EOS 60D"} []
[2021-02-06T21:31:37.316844+01:00] TiendaLogger.INFO: Familias listadas correctamente [] []
[2021-02-06T21:31:51.132753+01:00] TiendaLogger.INFO: Producto cargado correctamente {"cod":"CC60D","nombre":"Canon EOS 60D"} []
[2021-02-06T21:31:51.136668+01:00] TiendaLogger.INFO: Familias listadas correctamente [] []
[2021-02-06T21:32:07.477830+01:00] TiendaLogger.INFO: Familias listadas correctamente [] []
[2021-02-06T21:33:12.775088+01:00] TiendaLogger.INFO: Familias listadas correctamente [] []
[2021-02-06T21:33:13.350595+01:00] TiendaLogger.INFO: Familias listadas correctamente [] []
[2021-02-06T21:33:13.514372+01:00] TiendaLogger.INFO: Familias listadas correctamente [] []
[2021-02-06T21:33:13.664712+01:00] TiendaLogger.INFO: Familias listadas correctamente [] []
[2021-02-06T21:33:13.827335+01:00] TiendaLogger.INFO: Familias listadas correctamente [] []
[2021-02-06T21:33:13.946869+01:00] TiendaLogger.INFO: Familias listadas correctamente [] []
[2021-02-06T21:33:14.111420+01:00] TiendaLogger.INFO: Familias listadas correctamente [] []
[2021-02-06T21:33:14.249626+01:00] TiendaLogger.INFO: Familias listadas correctamente [] []
[2021-02-06T21:33:14.401848+01:00] TiendaLogger.INFO: Familias listadas correctamente [] []
[2021-02-06T21:33:14.545865+01:00] TiendaLogger.INFO: Familias listadas correctamente [] []
[2021-02-06T21:33:29.880429+01:00] TiendaLogger.INFO: Familias listadas correctamente [] []
[2021-02-06T21:34:44.381961+01:00] TiendaLogger.INFO: Familias listadas correctamente [] []
[2021-02-06T21:34:45.905270+01:00] TiendaLogger.INFO: Familias listadas correctamente [] []
[2021-02-06T21:34:46.431268+01:00] TiendaLogger.INFO: Familias listadas correctamente [] []
[2021-02-06T21:34:46.615126+01:00] TiendaLogger.INFO: Familias listadas correctamente [] []
[2021-02-06T21:34:46.746019+01:00] TiendaLogger.INFO: Familias listadas correctamente [] []
[2021-02-06T21:34:46.902641+01:00] TiendaLogger.INFO: Familias listadas correctamente [] []
[2021-02-06T21:35:36.390425+01:00] TiendaLogger.INFO: Productos listados correctamente [] []
[2021-02-06T21:35:38.592128+01:00] TiendaLogger.INFO: Producto cargado correctamente {"cod":"CC60D","nombre":"Canon EOS 60D"} []
[2021-02-06T21:35:38.594112+01:00] TiendaLogger.INFO: Familias listadas correctamente [] []
[2021-02-06T21:35:54.428387+01:00] TiendaLogger.INFO: Familias listadas correctamente [] []
[2021-02-06T21:45:02.973864+01:00] TiendaLogger.INFO: Familias listadas correctamente [] []
[2021-02-06T21:46:17.215953+01:00] TiendaLogger.INFO: Familias listadas correctamente [] []
[2021-02-06T21:46:18.224013+01:00] TiendaLogger.INFO: Familias listadas correctamente [] []
[2021-02-06T21:46:18.388024+01:00] TiendaLogger.INFO: Familias listadas correctamente [] []
[2021-02-06T21:46:18.518079+01:00] TiendaLogger.INFO: Familias listadas correctamente [] []
[2021-02-06T21:46:20.987689+01:00] TiendaLogger.INFO: Familias listadas correctamente [] []
[2021-02-06T21:46:21.447353+01:00] TiendaLogger.INFO: Familias listadas correctamente [] []
[2021-02-06T21:46:21.612544+01:00] TiendaLogger.INFO: Familias listadas correctamente [] []
[2021-02-06T21:46:21.746280+01:00] TiendaLogger.INFO: Familias listadas correctamente [] []
[2021-02-06T21:47:10.341344+01:00] TiendaLogger.INFO: Familias listadas correctamente [] []
[2021-02-06T21:47:11.540279+01:00] TiendaLogger.INFO: Familias listadas correctamente [] []
[2021-02-06T21:47:11.969343+01:00] TiendaLogger.INFO: Familias listadas correctamente [] []
[2021-02-06T21:47:12.093142+01:00] TiendaLogger.INFO: Familias listadas correctamente [] []
[2021-02-06T21:47:12.229719+01:00] TiendaLogger.INFO: Familias listadas correctamente [] []
[2021-02-06T21:48:57.935866+01:00] TiendaLogger.INFO: Familias listadas correctamente [] []
[2021-02-06T21:49:13.570026+01:00] TiendaLogger.INFO: Familias listadas correctamente [] []
[2021-02-06T21:49:31.638041+01:00] TiendaLogger.INFO: Familias listadas correctamente [] []
[2021-02-06T21:49:36.744186+01:00] TiendaLogger.INFO: Familias listadas correctamente [] []
[2021-02-06T21:49:53.823991+01:00] TiendaLogger.INFO: Familias listadas correctamente [] []
[2021-02-06T21:49:58.357083+01:00] TiendaLogger.ERROR: SQLSTATE[HY093]: Invalid parameter number: parameter was not defined [] []
[2021-02-06T21:49:58.358494+01:00] TiendaLogger.INFO: Productos listados correctamente [] []
[2021-02-06T21:50:35.695492+01:00] TiendaLogger.ERROR: SQLSTATE[HY093]: Invalid parameter number: parameter was not defined [] []
[2021-02-06T21:50:35.696829+01:00] TiendaLogger.INFO: Productos listados correctamente [] []
[2021-02-06T21:51:21.307383+01:00] TiendaLogger.ERROR: SQLSTATE[HY093]: Invalid parameter number: parameter was not defined [] []
[2021-02-06T21:51:21.309515+01:00] TiendaLogger.INFO: Productos listados correctamente [] []
[2021-02-06T21:52:11.495641+01:00] TiendaLogger.INFO: Modificado producto: {"cod":"CC60D","nombre":"CANON EOS 5D","nombre_corto":"CANON5D","descripcion":"Cámara Réflex DSLR CANON EOS 5D MKIII","pvp":"1199.99"} []
[2021-02-06T21:52:11.497439+01:00] TiendaLogger.INFO: Productos listados correctamente [] []
[2021-02-06T21:52:31.453144+01:00] TiendaLogger.INFO: Producto cargado correctamente {"cod":"CC60D","nombre":"CANON EOS 5D"} []
[2021-02-06T21:52:31.454570+01:00] TiendaLogger.INFO: Familias listadas correctamente [] []
[2021-02-06T21:52:59.868421+01:00] TiendaLogger.INFO: Modificado producto: {"cod":"CC60D","nombre":"Canon EOS 60D","nombre_corto":"CANON60D","descripcion":"Cámara Réflex DSLR","pvp":"849.99"} []
[2021-02-06T21:52:59.870802+01:00] TiendaLogger.INFO: Productos listados correctamente [] []
[2021-02-06T21:53:52.909725+01:00] TiendaLogger.INFO: Modificado producto: {"cod":"CC60D","nombre":"Canon EOS 60D","nombre_corto":"CANON60D","descripcion":"Cámara Réflex DSLR","pvp":"849.99"} []
[2021-02-06T21:53:52.911188+01:00] TiendaLogger.INFO: Productos listados correctamente [] []
[2021-02-06T21:55:19.168093+01:00] TiendaLogger.INFO: Eliminado producto: {"cod":"CC60D"} []
[2021-02-06T21:55:19.169944+01:00] TiendaLogger.INFO: Productos listados correctamente [] []
[2021-02-06T22:14:00.976284+01:00] TiendaLogger.INFO: Familias listadas correctamente [] []
[2021-02-06T22:14:46.589344+01:00] TiendaLogger.INFO: Familias listadas correctamente [] []
[2021-02-06T22:15:55.348085+01:00] TiendaLogger.INFO: Familias listadas correctamente [] []
[2021-02-06T22:18:21.070022+01:00] TiendaLogger.INFO: Insertado producto: {"cod":"PS5","nombre":"Playstation 5","nombre_corto":"PS5","descripcion":"Consola Playstation 5","pvp":"600","familia":"CAMARA"} []
[2021-02-06T22:18:21.073055+01:00] TiendaLogger.INFO: Productos listados correctamente [] []
[2021-02-06T22:19:21.326525+01:00] TiendaLogger.ERROR: SQLSTATE[23000]: Integrity constraint violation: 1062 Duplicate entry 'PS5' for key 'PRIMARY' [] []
[2021-02-06T22:19:21.328826+01:00] TiendaLogger.INFO: Productos listados correctamente [] []
[2021-02-06T22:19:44.821188+01:00] TiendaLogger.ERROR: SQLSTATE[23000]: Integrity constraint violation: 1062 Duplicate entry 'PS5' for key 'PRIMARY' [] []
[2021-02-06T22:19:44.823594+01:00] TiendaLogger.INFO: Productos listados correctamente [] []
[2021-02-06T22:20:28.172155+01:00] TiendaLogger.INFO: Familias listadas correctamente [] []
[2021-02-06T22:20:46.008498+01:00] TiendaLogger.ERROR: SQLSTATE[23000]: Integrity constraint violation: 1062 Duplicate entry 'PS5' for key 'PRIMARY' [] []
[2021-02-06T22:20:46.010849+01:00] TiendaLogger.INFO: Productos listados correctamente [] []
[2021-02-06T22:22:33.184150+01:00] TiendaLogger.INFO: Producto cargado correctamente {"cod":"PS5","nombre":"Playstation 5"} []
[2021-02-06T22:22:33.186718+01:00] TiendaLogger.INFO: Familias listadas correctamente [] []
[2021-02-06T22:23:01.599935+01:00] TiendaLogger.INFO: Modificado producto: {"cod":"PS5","nombre":"Canon EOS 60D","nombre_corto":"CANON60D","descripcion":"Cámara Réflex DSLR","pvp":"850"} []
[2021-02-06T22:23:01.601320+01:00] TiendaLogger.INFO: Productos listados correctamente [] []
[2021-02-06T22:23:13.003773+01:00] TiendaLogger.INFO: Eliminado producto: {"cod":"PS5"} []
[2021-02-06T22:23:13.006192+01:00] TiendaLogger.INFO: Productos listados correctamente [] []
[2021-02-06T22:23:19.134920+01:00] TiendaLogger.INFO: Familias listadas correctamente [] []
[2021-02-06T22:23:41.787134+01:00] TiendaLogger.INFO: Insertado producto: {"cod":"PS5","nombre":"Playstation 5","nombre_corto":"PS5","descripcion":"Consola Playstation 5","pvp":"600","familia":"CONSOL"} []
[2021-02-06T22:23:41.789241+01:00] TiendaLogger.INFO: Productos listados correctamente [] []
[2021-02-06T22:28:20.797894+01:00] TiendaLogger.INFO: Familias listadas correctamente [] []
[2021-02-06T22:28:57.385014+01:00] TiendaLogger.INFO: Familias listadas correctamente [] []
[2021-02-06T22:29:07.194964+01:00] TiendaLogger.INFO: Familias listadas correctamente [] []
[2021-02-06T22:29:17.550024+01:00] TiendaLogger.INFO: Familias listadas correctamente [] []
[2021-02-06T22:29:25.898337+01:00] TiendaLogger.INFO: Familias listadas correctamente [] []
[2021-02-06T22:29:34.571377+01:00] TiendaLogger.INFO: Familias listadas correctamente [] []
[2021-02-06T22:29:38.966971+01:00] TiendaLogger.INFO: Familias listadas correctamente [] []
[2021-02-06T22:30:51.185088+01:00] TiendaLogger.INFO: Familias listadas correctamente [] []
[2021-02-06T22:31:27.923654+01:00] TiendaLogger.INFO: Familias listadas correctamente [] []
[2021-02-06T22:31:30.114594+01:00] TiendaLogger.INFO: Familias listadas correctamente [] []
[2021-02-06T22:32:18.468910+01:00] TiendaLogger.INFO: Familias listadas correctamente [] []
[2021-02-06T22:32:55.393913+01:00] TiendaLogger.INFO: Familias listadas correctamente [] []
[2021-02-06T22:33:26.254336+01:00] TiendaLogger.INFO: Insertado producto: {"cod":"CC60D","nombre":"Canon EOS 60D","nombre_corto":"CANON60D","descripcion":"Cámara Réflex DSLR","pvp":"850","familia":"CAMARA"} []
[2021-02-06T22:33:26.256672+01:00] TiendaLogger.INFO: Productos listados correctamente [] []
[2021-02-06T22:33:36.349592+01:00] TiendaLogger.INFO: Producto cargado correctamente {"cod":"CC60D","nombre":"Canon EOS 60D"} []
[2021-02-06T22:33:36.351291+01:00] TiendaLogger.INFO: Familias listadas correctamente [] []
[2021-02-06T22:35:44.723105+01:00] TiendaLogger.INFO: Producto cargado correctamente {"cod":"CC60D","nombre":"Canon EOS 60D"} []
[2021-02-06T22:35:44.724683+01:00] TiendaLogger.INFO: Familias listadas correctamente [] []
[2021-02-06T22:36:04.232188+01:00] TiendaLogger.INFO: Modificado producto: {"cod":"CC60D","nombre":"","nombre_corto":"CANON5D","descripcion":"Cámara Réflex DSLR CANON EOS 5D MKIII","pvp":"840"} []
[2021-02-06T22:36:04.235217+01:00] TiendaLogger.INFO: Productos listados correctamente [] []
[2021-02-06T22:36:23.709335+01:00] TiendaLogger.INFO: Modificado producto: {"cod":"CC60D","nombre":"","nombre_corto":"CANON5D","descripcion":"Cámara Réflex DSLR CANON EOS 5D MKIII","pvp":"840"} []
[2021-02-06T22:36:23.710481+01:00] TiendaLogger.INFO: Productos listados correctamente [] []
[2021-02-06T22:36:41.149920+01:00] TiendaLogger.INFO: Eliminado producto: {"cod":"CC60D"} []
[2021-02-06T22:36:41.152122+01:00] TiendaLogger.INFO: Productos listados correctamente [] []
[2021-02-06T22:50:43.600484+01:00] TiendaLogger.INFO: Producto cargado correctamente {"cod":"PS5","nombre":"Playstation 5"} []
[2021-02-06T22:50:43.602466+01:00] TiendaLogger.INFO: Familias listadas correctamente [] []
[2021-02-06T22:56:40.457040+01:00] TiendaLogger.INFO: Tiendas listadas correctamente [] []
[2021-02-06T22:56:48.364659+01:00] TiendaLogger.INFO: Productos listados correctamente [] []
[2021-02-06T23:12:40.050700+01:00] TiendaLogger.INFO: Productos listados correctamente [] []
[2021-02-06T23:13:08.514177+01:00] TiendaLogger.INFO: Productos listados correctamente [] []
[2021-02-06T23:17:00.409873+01:00] TiendaLogger.INFO: Productos listados correctamente [] []
[2021-02-06T23:21:01.286532+01:00] TiendaLogger.INFO: Productos listados correctamente [] []
[2021-02-06T23:21:01.993375+01:00] TiendaLogger.INFO: Productos listados correctamente [] []
[2021-02-06T23:21:02.268136+01:00] TiendaLogger.INFO: Productos listados correctamente [] []
[2021-02-06T23:21:02.464287+01:00] TiendaLogger.INFO: Productos listados correctamente [] []
[2021-02-06T23:21:02.677710+01:00] TiendaLogger.INFO: Productos listados correctamente [] []
[2021-02-06T23:21:03.283257+01:00] TiendaLogger.INFO: Productos listados correctamente [] []
[2021-02-06T23:21:03.702239+01:00] TiendaLogger.INFO: Productos listados correctamente [] []
[2021-02-06T23:21:04.352940+01:00] TiendaLogger.INFO: Productos listados correctamente [] []
[2021-02-06T23:21:05.858512+01:00] TiendaLogger.INFO: Productos listados correctamente [] []
[2021-02-06T23:21:15.141575+01:00] TiendaLogger.INFO: Modificada tienda: {"cod":"86","nombre":"TiendaFea","tlf":"691317652"} []
[2021-02-06T23:21:15.142763+01:00] TiendaLogger.INFO: Tiendas listadas correctamente [] []
[2021-02-06T23:21:35.814728+01:00] TiendaLogger.INFO: Modificada tienda: {"cod":"87","nombre":"TiendaFea","tlf":"691317652"} []
[2021-02-06T23:21:35.817168+01:00] TiendaLogger.INFO: Tiendas listadas correctamente [] []
[2021-02-06T23:22:03.140245+01:00] TiendaLogger.INFO: Insertada familia: {"cod":"RATON","nombre":"RatónGuapo"} []
[2021-02-06T23:22:03.142054+01:00] TiendaLogger.INFO: Familias listadas correctamente [] []
[2021-02-06T23:22:25.364800+01:00] TiendaLogger.INFO: Modificada tienda: {"cod":"88","nombre":"TiendaFea","tlf":"691317652"} []
[2021-02-06T23:22:25.365982+01:00] TiendaLogger.INFO: Tiendas listadas correctamente [] []
[2021-02-06T23:22:28.646940+01:00] TiendaLogger.INFO: Tienda cargada correctamente {"cod":"88","nombre":"TiendaFea","tlf":"691317652"} []
[2021-02-06T23:22:31.253233+01:00] TiendaLogger.INFO: Borrada tienda: {"cod":"88"} []
[2021-02-06T23:22:31.256064+01:00] TiendaLogger.INFO: Tiendas listadas correctamente [] []
[2021-02-06T23:22:32.441031+01:00] TiendaLogger.INFO: Borrada tienda: {"cod":"87"} []
[2021-02-06T23:22:32.446008+01:00] TiendaLogger.INFO: Tiendas listadas correctamente [] []
[2021-02-06T23:22:33.248616+01:00] TiendaLogger.INFO: Borrada tienda: {"cod":"86"} []
[2021-02-06T23:22:33.250617+01:00] TiendaLogger.INFO: Tiendas listadas correctamente [] []
[2021-02-06T23:30:35.707794+01:00] TiendaLogger.INFO: Productos listados correctamente [] []
